[] 2025-05-06 11:35:15,459 [main]  INFO com.example.Biluthyrningssystem.BiluthyrningssystemApplication - Starting BiluthyrningssystemApplication using Java 22.0.2 with PID 6416 (C:\Users\tiefr\IdeaProjects\Biluthyrningssystem\target\classes started by tiefr in C:\Users\tiefr\IdeaProjects\Biluthyrningssystem)
[] 2025-05-06 11:35:15,474 [main]  INFO com.example.Biluthyrningssystem.BiluthyrningssystemApplication - No active profile set, falling back to 1 default profile: "default"
[] 2025-05-06 11:35:16,199 [main]  INFO org.springframework.data.repository.config.RepositoryConfigurationDelegate - Bootstrapping Spring Data JPA repositories in DEFAULT mode.
[] 2025-05-06 11:35:16,288 [main]  INFO org.springframework.data.repository.config.RepositoryConfigurationDelegate - Finished Spring Data repository scanning in 77 ms. Found 4 JPA repository interfaces.
[] 2025-05-06 11:35:16,859 [main]  INFO org.springframework.boot.web.embedded.tomcat.TomcatWebServer - Tomcat initialized with port 9090 (http)
[] 2025-05-06 11:35:16,874 [main]  INFO org.apache.coyote.http11.Http11NioProtocol - Initializing ProtocolHandler ["http-nio-9090"]
[] 2025-05-06 11:35:16,876 [main]  INFO org.apache.catalina.core.StandardService - Starting service [Tomcat]
[] 2025-05-06 11:35:16,877 [main]  INFO org.apache.catalina.core.StandardEngine - Starting Servlet engine: [Apache Tomcat/10.1.39]
[] 2025-05-06 11:35:16,923 [main]  INFO org.apache.catalina.core.ContainerBase.[Tomcat].[localhost].[/] - Initializing Spring embedded WebApplicationContext
[] 2025-05-06 11:35:16,924 [main]  INFO org.springframework.boot.web.servlet.context.ServletWebServerApplicationContext - Root WebApplicationContext: initialization completed in 1404 ms
[] 2025-05-06 11:35:17,085 [main]  INFO org.hibernate.jpa.internal.util.LogHelper - HHH000204: Processing PersistenceUnitInfo [name: default]
[] 2025-05-06 11:35:17,134 [main]  INFO org.hibernate.Version - HHH000412: Hibernate ORM core version 6.6.11.Final
[] 2025-05-06 11:35:17,162 [main]  INFO org.hibernate.cache.internal.RegionFactoryInitiator - HHH000026: Second-level cache disabled
[] 2025-05-06 11:35:17,407 [main]  INFO org.springframework.orm.jpa.persistenceunit.SpringPersistenceUnitInfo - No LoadTimeWeaver setup: ignoring JPA class transformer
[] 2025-05-06 11:35:17,448 [main]  INFO com.zaxxer.hikari.HikariDataSource - HikariPool-1 - Starting...
[] 2025-05-06 11:35:17,610 [main]  INFO com.zaxxer.hikari.pool.HikariPool - HikariPool-1 - Added connection conn0: url=jdbc:h2:mem:bilhyrdb user=SA
[] 2025-05-06 11:35:17,612 [main]  INFO com.zaxxer.hikari.HikariDataSource - HikariPool-1 - Start completed.
[] 2025-05-06 11:35:17,668 [main]  INFO org.hibernate.orm.connections.pooling - HHH10001005: Database info:
	Database JDBC URL [Connecting through datasource 'HikariDataSource (HikariPool-1)']
	Database driver: undefined/unknown
	Database version: 2.3.232
	Autocommit mode: undefined/unknown
	Isolation level: undefined/unknown
	Minimum pool size: undefined/unknown
	Maximum pool size: undefined/unknown
[] 2025-05-06 11:35:18,516 [main]  INFO org.hibernate.engine.transaction.jta.platform.internal.JtaPlatformInitiator - HHH000489: No JTA platform available (set 'hibernate.transaction.jta.platform' to enable JTA platform integration)
[] 2025-05-06 11:35:18,570 [main]  INFO org.springframework.orm.jpa.LocalContainerEntityManagerFactoryBean - Initialized JPA EntityManagerFactory for persistence unit 'default'
[] 2025-05-06 11:35:18,894 [main]  WARN org.springframework.boot.autoconfigure.orm.jpa.JpaBaseConfiguration$JpaWebConfiguration - spring.jpa.open-in-view is enabled by default. Therefore, database queries may be performed during view rendering. Explicitly configure spring.jpa.open-in-view to disable this warning
[] 2025-05-06 11:35:18,932 [main]  INFO org.springframework.security.config.annotation.authentication.configuration.InitializeUserDetailsBeanManagerConfigurer$InitializeUserDetailsManagerConfigurer - Global AuthenticationManager configured with UserDetailsService bean with name userDetailsService
[] 2025-05-06 11:35:19,365 [main]  INFO org.springframework.boot.autoconfigure.h2.H2ConsoleAutoConfiguration - H2 console available at '/h2-console'. Database available at 'jdbc:h2:mem:bilhyrdb'
[] 2025-05-06 11:35:19,445 [main]  INFO org.apache.coyote.http11.Http11NioProtocol - Starting ProtocolHandler ["http-nio-9090"]
[] 2025-05-06 11:35:19,464 [main]  INFO org.springframework.boot.web.embedded.tomcat.TomcatWebServer - Tomcat started on port 9090 (http) with context path '/'
[] 2025-05-06 11:35:19,471 [main]  INFO com.example.Biluthyrningssystem.BiluthyrningssystemApplication - Started BiluthyrningssystemApplication in 4.409 seconds (process running for 5.735)
[] 2025-05-06 11:44:23,918 [SpringApplicationShutdownHook]  INFO org.springframework.boot.web.embedded.tomcat.GracefulShutdown - Commencing graceful shutdown. Waiting for active requests to complete
[] 2025-05-06 11:44:23,925 [tomcat-shutdown]  INFO org.springframework.boot.web.embedded.tomcat.GracefulShutdown - Graceful shutdown complete
[] 2025-05-06 11:44:23,930 [SpringApplicationShutdownHook]  INFO org.springframework.orm.jpa.LocalContainerEntityManagerFactoryBean - Closing JPA EntityManagerFactory for persistence unit 'default'
[] 2025-05-06 11:44:23,931 [SpringApplicationShutdownHook]  INFO com.zaxxer.hikari.HikariDataSource - HikariPool-1 - Shutdown initiated...
[] 2025-05-06 11:44:23,935 [SpringApplicationShutdownHook]  INFO com.zaxxer.hikari.HikariDataSource - HikariPool-1 - Shutdown completed.
[] 2025-05-06 12:02:45,306 [main]  INFO com.example.Biluthyrningssystem.BiluthyrningssystemApplication - Starting BiluthyrningssystemApplication using Java 22.0.2 with PID 6408 (C:\Users\tiefr\IdeaProjects\Biluthyrningssystem\target\classes started by tiefr in C:\Users\tiefr\IdeaProjects\Biluthyrningssystem)
[] 2025-05-06 12:02:45,320 [main]  INFO com.example.Biluthyrningssystem.BiluthyrningssystemApplication - No active profile set, falling back to 1 default profile: "default"
[] 2025-05-06 12:02:46,020 [main]  INFO org.springframework.data.repository.config.RepositoryConfigurationDelegate - Bootstrapping Spring Data JPA repositories in DEFAULT mode.
[] 2025-05-06 12:02:46,093 [main]  INFO org.springframework.data.repository.config.RepositoryConfigurationDelegate - Finished Spring Data repository scanning in 64 ms. Found 4 JPA repository interfaces.
[] 2025-05-06 12:02:46,614 [main]  INFO org.springframework.boot.web.embedded.tomcat.TomcatWebServer - Tomcat initialized with port 9090 (http)
[] 2025-05-06 12:02:46,631 [main]  INFO org.apache.coyote.http11.Http11NioProtocol - Initializing ProtocolHandler ["http-nio-9090"]
[] 2025-05-06 12:02:46,634 [main]  INFO org.apache.catalina.core.StandardService - Starting service [Tomcat]
[] 2025-05-06 12:02:46,634 [main]  INFO org.apache.catalina.core.StandardEngine - Starting Servlet engine: [Apache Tomcat/10.1.39]
[] 2025-05-06 12:02:46,684 [main]  INFO org.apache.catalina.core.ContainerBase.[Tomcat].[localhost].[/] - Initializing Spring embedded WebApplicationContext
[] 2025-05-06 12:02:46,684 [main]  INFO org.springframework.boot.web.servlet.context.ServletWebServerApplicationContext - Root WebApplicationContext: initialization completed in 1319 ms
[] 2025-05-06 12:02:46,852 [main]  INFO org.hibernate.jpa.internal.util.LogHelper - HHH000204: Processing PersistenceUnitInfo [name: default]
[] 2025-05-06 12:02:46,901 [main]  INFO org.hibernate.Version - HHH000412: Hibernate ORM core version 6.6.11.Final
[] 2025-05-06 12:02:46,932 [main]  INFO org.hibernate.cache.internal.RegionFactoryInitiator - HHH000026: Second-level cache disabled
[] 2025-05-06 12:02:47,190 [main]  INFO org.springframework.orm.jpa.persistenceunit.SpringPersistenceUnitInfo - No LoadTimeWeaver setup: ignoring JPA class transformer
[] 2025-05-06 12:02:47,236 [main]  INFO com.zaxxer.hikari.HikariDataSource - HikariPool-1 - Starting...
[] 2025-05-06 12:02:47,423 [main]  INFO com.zaxxer.hikari.pool.HikariPool - HikariPool-1 - Added connection conn0: url=jdbc:h2:mem:bilhyrdb user=SA
[] 2025-05-06 12:02:47,425 [main]  INFO com.zaxxer.hikari.HikariDataSource - HikariPool-1 - Start completed.
[] 2025-05-06 12:02:47,482 [main]  INFO org.hibernate.orm.connections.pooling - HHH10001005: Database info:
	Database JDBC URL [Connecting through datasource 'HikariDataSource (HikariPool-1)']
	Database driver: undefined/unknown
	Database version: 2.3.232
	Autocommit mode: undefined/unknown
	Isolation level: undefined/unknown
	Minimum pool size: undefined/unknown
	Maximum pool size: undefined/unknown
[] 2025-05-06 12:02:48,476 [main]  INFO org.hibernate.engine.transaction.jta.platform.internal.JtaPlatformInitiator - HHH000489: No JTA platform available (set 'hibernate.transaction.jta.platform' to enable JTA platform integration)
[] 2025-05-06 12:02:48,558 [main]  INFO org.springframework.orm.jpa.LocalContainerEntityManagerFactoryBean - Initialized JPA EntityManagerFactory for persistence unit 'default'
[] 2025-05-06 12:02:48,915 [main]  WARN org.springframework.boot.autoconfigure.orm.jpa.JpaBaseConfiguration$JpaWebConfiguration - spring.jpa.open-in-view is enabled by default. Therefore, database queries may be performed during view rendering. Explicitly configure spring.jpa.open-in-view to disable this warning
[] 2025-05-06 12:02:48,958 [main]  INFO org.springframework.security.config.annotation.authentication.configuration.InitializeUserDetailsBeanManagerConfigurer$InitializeUserDetailsManagerConfigurer - Global AuthenticationManager configured with UserDetailsService bean with name userDetailsService
[] 2025-05-06 12:02:49,378 [main]  INFO org.springframework.boot.autoconfigure.h2.H2ConsoleAutoConfiguration - H2 console available at '/h2-console'. Database available at 'jdbc:h2:mem:bilhyrdb'
[] 2025-05-06 12:02:49,465 [main]  INFO org.apache.coyote.http11.Http11NioProtocol - Starting ProtocolHandler ["http-nio-9090"]
[] 2025-05-06 12:02:49,483 [main]  INFO org.springframework.boot.web.embedded.tomcat.TomcatWebServer - Tomcat started on port 9090 (http) with context path '/'
[] 2025-05-06 12:02:49,489 [main]  INFO com.example.Biluthyrningssystem.BiluthyrningssystemApplication - Started BiluthyrningssystemApplication in 4.553 seconds (process running for 5.706)
[] 2025-05-06 12:02:50,249 [http-nio-9090-exec-3]  INFO org.apache.catalina.core.ContainerBase.[Tomcat].[localhost].[/] - Initializing Spring DispatcherServlet 'dispatcherServlet'
[] 2025-05-06 12:02:50,249 [http-nio-9090-exec-3]  INFO org.springframework.web.servlet.DispatcherServlet - Initializing Servlet 'dispatcherServlet'
[] 2025-05-06 12:02:50,250 [http-nio-9090-exec-3]  INFO org.springframework.web.servlet.DispatcherServlet - Completed initialization in 1 ms
[19850101-1234] 2025-05-06 12:02:50,438 [http-nio-9090-exec-3]  INFO com.example.Biluthyrningssystem.services.CarServiceImpl - Getting available cars from database.
[19850101-1234] 2025-05-06 12:02:50,562 [http-nio-9090-exec-3]  INFO com.example.Biluthyrningssystem.services.CarServiceImpl - A total of 2 cars available
[] 2025-05-06 12:04:16,560 [SpringApplicationShutdownHook]  INFO org.springframework.boot.web.embedded.tomcat.GracefulShutdown - Commencing graceful shutdown. Waiting for active requests to complete
[] 2025-05-06 12:04:16,566 [tomcat-shutdown]  INFO org.springframework.boot.web.embedded.tomcat.GracefulShutdown - Graceful shutdown complete
[] 2025-05-06 12:04:16,571 [SpringApplicationShutdownHook]  INFO org.springframework.orm.jpa.LocalContainerEntityManagerFactoryBean - Closing JPA EntityManagerFactory for persistence unit 'default'
[] 2025-05-06 12:04:16,573 [SpringApplicationShutdownHook]  INFO com.zaxxer.hikari.HikariDataSource - HikariPool-1 - Shutdown initiated...
[] 2025-05-06 12:04:16,576 [SpringApplicationShutdownHook]  INFO com.zaxxer.hikari.HikariDataSource - HikariPool-1 - Shutdown completed.
[] 2025-05-06 12:05:11,914 [main]  INFO com.example.Biluthyrningssystem.BiluthyrningssystemApplication - Starting BiluthyrningssystemApplication using Java 22.0.2 with PID 1480 (C:\Users\tiefr\IdeaProjects\Biluthyrningssystem\target\classes started by tiefr in C:\Users\tiefr\IdeaProjects\Biluthyrningssystem)
[] 2025-05-06 12:05:11,922 [main]  INFO com.example.Biluthyrningssystem.BiluthyrningssystemApplication - No active profile set, falling back to 1 default profile: "default"
[] 2025-05-06 12:05:12,593 [main]  INFO org.springframework.data.repository.config.RepositoryConfigurationDelegate - Bootstrapping Spring Data JPA repositories in DEFAULT mode.
[] 2025-05-06 12:05:12,663 [main]  INFO org.springframework.data.repository.config.RepositoryConfigurationDelegate - Finished Spring Data repository scanning in 62 ms. Found 4 JPA repository interfaces.
[] 2025-05-06 12:05:13,145 [main]  INFO org.springframework.boot.web.embedded.tomcat.TomcatWebServer - Tomcat initialized with port 9090 (http)
[] 2025-05-06 12:05:13,159 [main]  INFO org.apache.coyote.http11.Http11NioProtocol - Initializing ProtocolHandler ["http-nio-9090"]
[] 2025-05-06 12:05:13,162 [main]  INFO org.apache.catalina.core.StandardService - Starting service [Tomcat]
[] 2025-05-06 12:05:13,162 [main]  INFO org.apache.catalina.core.StandardEngine - Starting Servlet engine: [Apache Tomcat/10.1.39]
[] 2025-05-06 12:05:13,204 [main]  INFO org.apache.catalina.core.ContainerBase.[Tomcat].[localhost].[/] - Initializing Spring embedded WebApplicationContext
[] 2025-05-06 12:05:13,205 [main]  INFO org.springframework.boot.web.servlet.context.ServletWebServerApplicationContext - Root WebApplicationContext: initialization completed in 1242 ms
[] 2025-05-06 12:05:13,359 [main]  INFO org.hibernate.jpa.internal.util.LogHelper - HHH000204: Processing PersistenceUnitInfo [name: default]
[] 2025-05-06 12:05:13,409 [main]  INFO org.hibernate.Version - HHH000412: Hibernate ORM core version 6.6.11.Final
[] 2025-05-06 12:05:13,436 [main]  INFO org.hibernate.cache.internal.RegionFactoryInitiator - HHH000026: Second-level cache disabled
[] 2025-05-06 12:05:13,669 [main]  INFO org.springframework.orm.jpa.persistenceunit.SpringPersistenceUnitInfo - No LoadTimeWeaver setup: ignoring JPA class transformer
[] 2025-05-06 12:05:13,701 [main]  INFO com.zaxxer.hikari.HikariDataSource - HikariPool-1 - Starting...
[] 2025-05-06 12:05:13,885 [main]  INFO com.zaxxer.hikari.pool.HikariPool - HikariPool-1 - Added connection conn0: url=jdbc:h2:mem:bilhyrdb user=SA
[] 2025-05-06 12:05:13,887 [main]  INFO com.zaxxer.hikari.HikariDataSource - HikariPool-1 - Start completed.
[] 2025-05-06 12:05:13,960 [main]  INFO org.hibernate.orm.connections.pooling - HHH10001005: Database info:
	Database JDBC URL [Connecting through datasource 'HikariDataSource (HikariPool-1)']
	Database driver: undefined/unknown
	Database version: 2.3.232
	Autocommit mode: undefined/unknown
	Isolation level: undefined/unknown
	Minimum pool size: undefined/unknown
	Maximum pool size: undefined/unknown
[] 2025-05-06 12:05:14,919 [main]  INFO org.hibernate.engine.transaction.jta.platform.internal.JtaPlatformInitiator - HHH000489: No JTA platform available (set 'hibernate.transaction.jta.platform' to enable JTA platform integration)
[] 2025-05-06 12:05:14,980 [main]  INFO org.springframework.orm.jpa.LocalContainerEntityManagerFactoryBean - Initialized JPA EntityManagerFactory for persistence unit 'default'
[] 2025-05-06 12:05:15,323 [main]  WARN org.springframework.boot.autoconfigure.orm.jpa.JpaBaseConfiguration$JpaWebConfiguration - spring.jpa.open-in-view is enabled by default. Therefore, database queries may be performed during view rendering. Explicitly configure spring.jpa.open-in-view to disable this warning
[] 2025-05-06 12:05:15,362 [main]  INFO org.springframework.security.config.annotation.authentication.configuration.InitializeUserDetailsBeanManagerConfigurer$InitializeUserDetailsManagerConfigurer - Global AuthenticationManager configured with UserDetailsService bean with name userDetailsService
[] 2025-05-06 12:05:15,770 [main]  INFO org.springframework.boot.autoconfigure.h2.H2ConsoleAutoConfiguration - H2 console available at '/h2-console'. Database available at 'jdbc:h2:mem:bilhyrdb'
[] 2025-05-06 12:05:15,855 [main]  INFO org.apache.coyote.http11.Http11NioProtocol - Starting ProtocolHandler ["http-nio-9090"]
[] 2025-05-06 12:05:15,873 [main]  INFO org.springframework.boot.web.embedded.tomcat.TomcatWebServer - Tomcat started on port 9090 (http) with context path '/'
[] 2025-05-06 12:05:15,880 [main]  INFO com.example.Biluthyrningssystem.BiluthyrningssystemApplication - Started BiluthyrningssystemApplication in 4.368 seconds (process running for 5.455)
[] 2025-05-06 12:05:32,035 [http-nio-9090-exec-1]  INFO org.apache.catalina.core.ContainerBase.[Tomcat].[localhost].[/] - Initializing Spring DispatcherServlet 'dispatcherServlet'
[] 2025-05-06 12:05:32,035 [http-nio-9090-exec-1]  INFO org.springframework.web.servlet.DispatcherServlet - Initializing Servlet 'dispatcherServlet'
[] 2025-05-06 12:05:32,036 [http-nio-9090-exec-1]  INFO org.springframework.web.servlet.DispatcherServlet - Completed initialization in 1 ms
[19850101-1234] 2025-05-06 12:05:32,217 [http-nio-9090-exec-1]  INFO com.example.Biluthyrningssystem.services.CarServiceImpl - Getting available cars from database.
[19850101-1234] 2025-05-06 12:05:32,337 [http-nio-9090-exec-1]  INFO com.example.Biluthyrningssystem.services.CarServiceImpl - A total of 2 cars available
[admin] 2025-05-06 12:08:42,731 [http-nio-9090-exec-2]  INFO com.example.Biluthyrningssystem.services.CarServiceImpl - Attempting to update car with id 9999
